2026-03-01 15:09:15 [INFO] ============================================================
2026-03-01 15:09:15 [INFO]   LinkedIn Recruiter Scraper - Starting
2026-03-01 15:09:15 [INFO]   Companies to scrape: 300
2026-03-01 15:09:15 [INFO] ============================================================
2026-03-01 15:09:15 [INFO] 🚀 Launching stealth browser...
2026-03-01 15:09:19 [INFO] ✅ Browser launched successfully.
2026-03-01 15:09:19 [INFO] 🔐 Attempting LinkedIn login...
2026-03-01 15:09:49 [ERROR] ❌ Login error: Timeout 15000ms exceeded.
=========================== logs ===========================
"domcontentloaded" event fired
"load" event fired
============================================================
2026-03-01 15:09:49 [ERROR] ❌ Could not log in. Exiting.
2026-03-01 15:09:49 [INFO] 
⚠️  No results to export.
2026-03-01 15:09:50 [INFO] 📊 Summary:
2026-03-01 15:09:50 [INFO]    Total recruiters found: 0
2026-03-01 15:09:50 [INFO]    Failed URLs: 0
2026-03-01 15:09:50 [INFO]    Companies completed: 0/300
2026-03-01 15:13:29 [INFO] ============================================================
2026-03-01 15:13:29 [INFO]   LinkedIn Recruiter Scraper - Starting
2026-03-01 15:13:29 [INFO]   Companies to scrape: 300
2026-03-01 15:13:29 [INFO] ============================================================
2026-03-01 15:13:29 [INFO] 🚀 Launching stealth browser...
2026-03-01 15:13:31 [INFO] ✅ Browser launched successfully.
2026-03-01 15:13:31 [INFO] 🔐 Attempting LinkedIn login...
2026-03-01 15:13:45 [INFO]    Waiting for LinkedIn to respond after login...
2026-03-01 15:13:48 [INFO] ✅ Login successful!
2026-03-01 15:13:48 [INFO] 
[1/300] 🏢 Processing: Walmart
2026-03-01 15:13:48 [INFO] 🔍 Searching recruiters at: Walmart
2026-03-01 15:13:58 [INFO]    Page 1: Found 10 profiles (Total: 10)
2026-03-01 15:14:16 [INFO]    Page 2: Found 10 profiles (Total: 20)
2026-03-01 15:14:35 [INFO]    Page 3: Found 10 profiles (Total: 30)
2026-03-01 15:14:52 [INFO]    Page 4: Found 10 profiles (Total: 40)
2026-03-01 15:15:09 [INFO]    Page 5: Found 10 profiles (Total: 50)
2026-03-01 15:15:16 [INFO]    Found 50 profiles to scrape...
2026-03-01 15:15:16 [INFO]    [1/50] Scraping profile...
2026-03-01 15:15:28 [INFO]    ✅ Scraped: Sydney Golub | Corporate Recruiting | 
2026-03-01 15:15:45 [INFO]    [2/50] Scraping profile...
2026-03-01 15:15:54 [INFO]    ✅ Scraped: J Bedi Singh | Recruiter | 
2026-03-01 15:16:10 [INFO]    [3/50] Scraping profile...
2026-03-01 15:16:32 [INFO]    [4/50] Scraping profile...
2026-03-01 15:16:43 [INFO]    ✅ Scraped: Zovain Varatn | Technical Recruiter | 
2026-03-01 15:16:57 [INFO]    [5/50] Scraping profile...
2026-03-01 15:17:06 [INFO]    ✅ Scraped: Eston Dodson | Senior Human Resources Recruiter | 
2026-03-01 15:17:16 [INFO]    [6/50] Scraping profile...
2026-03-01 15:17:27 [INFO]    ✅ Scraped: Katrina Henrie | Senior Recruiter, Talent Aquistion | 
2026-03-01 15:17:40 [INFO]    [7/50] Scraping profile...
2026-03-01 15:17:52 [INFO]    ✅ Scraped: Carrie Meier | Sr. Talent Acquisition Partner- Walmart Health and Wellness- Seeking pharmacists who provide exceptional care for all | 
2026-03-01 15:18:03 [INFO]    [8/50] Scraping profile...
2026-03-01 15:18:12 [INFO]    ✅ Scraped: Fiona McGrath | Recruiter | 
2026-03-01 15:18:21 [INFO]    [9/50] Scraping profile...
2026-03-01 15:18:30 [INFO]    ✅ Scraped: Savanah Leach | Senior Recruiter - Walmart Facility Services | 
2026-03-01 15:18:48 [INFO]    [10/50] Scraping profile...
2026-03-01 15:18:58 [INFO]    ✅ Scraped: Kenneth Burke II | Pharmacy Campus Recruiter, Walmart Health & Wellness | 
2026-03-01 15:19:14 [INFO] ☕ Taking a 162s session break to avoid detection...
2026-03-01 15:22:01 [INFO]    [11/50] Scraping profile...
2026-03-01 15:22:12 [INFO]    ✅ Scraped: Kat Ferreira | Senior Talent Partner | 
2026-03-01 15:22:23 [INFO]    [12/50] Scraping profile...
2026-03-01 15:22:33 [INFO]    ✅ Scraped: Carlos Porras | WalMart Recruiting | 
2026-03-01 15:22:48 [INFO]    [13/50] Scraping profile...
2026-03-01 15:22:56 [INFO]    ✅ Scraped: Patrick Charles | Recruiter | 
2026-03-01 15:23:10 [INFO]    [14/50] Scraping profile...
2026-03-01 15:23:44 [INFO]    [15/50] Scraping profile...
2026-03-01 15:23:57 [INFO]    ✅ Scraped: Mark Jackson | Senior Recruiter | 
2026-03-01 15:24:12 [INFO]    [16/50] Scraping profile...
2026-03-01 15:24:21 [INFO]    ✅ Scraped: Kelly Abraham | Technical Executive Recruiter | 
2026-03-01 15:24:31 [INFO]    [17/50] Scraping profile...
2026-03-01 15:24:45 [INFO]    ✅ Scraped: Tina S. | Recruiter | 
2026-03-01 15:24:57 [INFO]    [18/50] Scraping profile...
2026-03-01 15:25:07 [INFO]    ✅ Scraped: Christina Caples-Kelley | Recruiter | 
2026-03-01 15:25:18 [INFO]    [19/50] Scraping profile...
2026-03-01 15:25:27 [INFO]    ✅ Scraped: Megan Hussinger | Corporate Recruiting for Walmart Marketplace, International, Health & Wellness, and E2E | 
2026-03-01 15:25:41 [INFO]    [20/50] Scraping profile...
2026-03-01 15:25:49 [INFO]    ✅ Scraped: Renz Dela Cruz | Senior Recruiter | 
2026-03-01 15:26:06 [INFO]    [21/50] Scraping profile...
2026-03-01 15:26:17 [INFO]    ✅ Scraped: Jordan Bartolomew | Recruiter | 
2026-03-01 15:26:29 [INFO]    [22/50] Scraping profile...
2026-03-01 15:26:39 [INFO]    ✅ Scraped: Smita Mantha | Senior Talent Acquisition Partner | 
2026-03-01 15:26:52 [INFO]    [23/50] Scraping profile...
2026-03-01 15:27:04 [INFO]    ✅ Scraped: Rob Rossi | Senior Talent Acquisition Partner | 
2026-03-01 15:27:20 [INFO]    [24/50] Scraping profile...
2026-03-01 15:27:29 [INFO]    ✅ Scraped: Aaron D. | Walmart Corporate Recruiter | 
2026-03-01 15:27:45 [INFO]    [25/50] Scraping profile...
2026-03-01 15:27:58 [INFO]    ✅ Scraped: Kate B. | Recruiter | 
2026-03-01 15:28:08 [INFO] ☕ Taking a 161s session break to avoid detection...
2026-03-01 15:30:53 [INFO]    [26/50] Scraping profile...
2026-03-01 15:31:02 [INFO]    ✅ Scraped: Doug Nore | Retired - Optometrist Recruiter for WalMart/SAM'S USA | 
2026-03-01 15:31:13 [INFO]    [27/50] Scraping profile...
2026-03-01 15:31:26 [INFO]    ✅ Scraped: Cristy Pearson | Recruiter | 
2026-03-01 15:31:41 [INFO]    [28/50] Scraping profile...
2026-03-01 15:31:51 [INFO]    ✅ Scraped: Michael Aguilar | Senior Talent Acquisition Partner | 
2026-03-01 15:32:04 [INFO]    [29/50] Scraping profile...
2026-03-01 15:32:15 [INFO]    ✅ Scraped: Tyler Filippello | Professional Recruiter @ Walmart Global Tech | 
2026-03-01 15:32:26 [INFO]    [30/50] Scraping profile...
2026-03-01 15:32:37 [INFO]    ✅ Scraped: Jamie Cockerham | Director, Global Talent Acquisition | 
2026-03-01 15:32:50 [INFO]    [31/50] Scraping profile...
2026-03-01 15:33:01 [INFO]    ✅ Scraped: Kellie Walker | Recruiter | 
2026-03-01 15:33:19 [INFO]    [32/50] Scraping profile...
2026-03-01 15:33:29 [INFO]    ✅ Scraped: Shannon Kinsella | HR | 
2026-03-01 15:33:43 [INFO]    [33/50] Scraping profile...
2026-03-01 15:33:51 [INFO]    ✅ Scraped: Steve Wilson | Recruiter | 
2026-03-01 15:34:06 [INFO]    [34/50] Scraping profile...
2026-03-01 15:34:17 [INFO]    ✅ Scraped: Ashley Woods Weller | Senior Director Human Resources | 
2026-03-01 15:34:33 [INFO]    [35/50] Scraping profile...
2026-03-01 15:34:45 [INFO]    ✅ Scraped: Sam Carpenter | Senior Talent Acquisition Partner | 
2026-03-01 15:34:55 [INFO]    [36/50] Scraping profile...
2026-03-01 15:35:07 [INFO]    ✅ Scraped: Briana George | Recruiter | 
2026-03-01 15:35:19 [INFO]    [37/50] Scraping profile...
2026-03-01 15:35:31 [INFO]    ✅ Scraped: Stephan Addington | Recruiter | 
2026-03-01 15:35:45 [INFO]    [38/50] Scraping profile...
2026-03-01 15:35:54 [INFO]    ✅ Scraped: Lena Huong Le | Senior Talent Acquisition Partner | 
2026-03-01 15:36:08 [INFO]    [39/50] Scraping profile...
2026-03-01 15:36:21 [INFO]    ✅ Scraped: Larry Waller, TSC, CSP | Manager Recruiter | 
2026-03-01 15:36:38 [INFO]    [40/50] Scraping profile...
2026-03-01 15:36:48 [INFO]    ✅ Scraped: Jenna (Mosketti) Yapps | Recruiter | 
2026-03-01 15:36:56 [INFO] ☕ Taking a 65s session break to avoid detection...
2026-03-01 15:38:06 [INFO]    [41/50] Scraping profile...
2026-03-01 15:38:17 [INFO]    ✅ Scraped: Lindsey Tanner | Recruiter | 
2026-03-01 15:38:32 [INFO]    [42/50] Scraping profile...
2026-03-01 15:38:43 [INFO]    ✅ Scraped: Ray Bruce | Recruiter | 
2026-03-01 15:38:59 [INFO]    [43/50] Scraping profile...
2026-03-01 15:39:11 [INFO]    ✅ Scraped: Melanie Rippl | Senior Talent Acquisition Partner | 
2026-03-01 15:39:22 [INFO]    [44/50] Scraping profile...
2026-03-01 15:39:51 [INFO]    [45/50] Scraping profile...
2026-03-01 15:40:02 [INFO]    ✅ Scraped: Kelsey Jandrey | Recruiter | 
2026-03-01 15:40:13 [INFO]    [46/50] Scraping profile...
2026-03-01 15:40:32 [INFO]    [47/50] Scraping profile...
2026-03-01 15:40:43 [INFO]    ✅ Scraped: Madison Edwards | Senior Talent Acquisition Partner | 
2026-03-01 15:40:56 [INFO]    [48/50] Scraping profile...
2026-03-01 15:41:06 [INFO]    ✅ Scraped: Myles Muretta | Senior Staff Recruiter @ Walmart - Vizio | 
2026-03-01 15:41:14 [INFO]    [49/50] Scraping profile...
2026-03-01 15:41:23 [INFO]    ✅ Scraped: Karen Keathley | Senior Recruiter | 
2026-03-01 15:41:33 [INFO]    [50/50] Scraping profile...
2026-03-01 15:41:42 [INFO]    ✅ Scraped: Jeni West | Senior Technical Recruiter @ Walmart Global Tech | 
2026-03-01 15:42:08 [INFO] 
[2/300] 🏢 Processing: Amazon
2026-03-01 15:42:08 [INFO] 🔍 Searching recruiters at: Amazon
2026-03-01 15:42:20 [INFO]    Page 1: Found 10 profiles (Total: 10)
2026-03-01 15:42:36 [INFO]    Page 2: Found 11 profiles (Total: 21)
2026-03-01 15:42:52 [INFO]    Page 3: Found 10 profiles (Total: 31)
2026-03-01 15:43:10 [INFO]    Page 4: Found 10 profiles (Total: 41)
2026-03-01 15:43:29 [INFO]    Page 5: Found 10 profiles (Total: 51)
2026-03-01 15:43:37 [INFO] ☕ Taking a 72s session break to avoid detection...
2026-03-01 15:44:53 [INFO]    Found 51 profiles to scrape...
2026-03-01 15:44:53 [INFO]    [1/51] Scraping profile...
2026-03-01 15:45:04 [INFO]    ✅ Scraped: Sunnia N. | Technical Recruiter @ Amazon 👩🏻‍💻 | 
2026-03-01 15:45:19 [INFO]    [2/51] Scraping profile...
2026-03-01 15:45:31 [INFO]    ✅ Scraped: robert richmond | Sourcing Recruiter | 
2026-03-01 15:45:46 [INFO]    [3/51] Scraping profile...
2026-03-01 15:45:58 [INFO]    ✅ Scraped: Javier Topete | Sourcing Recruiter | 
2026-03-01 15:46:12 [INFO]    [4/51] Scraping profile...
2026-03-01 15:46:24 [INFO]    ✅ Scraped: Gabriel Rivera | Recruiter for Amazon University Talent Acquisition (AUTA) | 
2026-03-01 15:46:42 [INFO]    [5/51] Scraping profile...
2026-03-01 15:46:51 [INFO]    ✅ Scraped: Maria Marra | Recruiter | 
2026-03-01 15:47:03 [INFO]    [6/51] Scraping profile...
2026-03-01 15:47:14 [INFO]    ✅ Scraped: Gautam J. | Technical Recruiter | 
2026-03-01 15:47:30 [INFO]    [7/51] Scraping profile...
2026-03-01 15:47:40 [INFO]    ✅ Scraped: Angelica DeVictoria | Technical Recruiter @ Amazon | 
2026-03-01 15:47:48 [INFO]    [8/51] Scraping profile...
2026-03-01 15:47:59 [INFO]    ✅ Scraped: Hunter F. | Non Tech Sourcing Recruiter - Amazon | 
2026-03-01 15:48:10 [INFO]    [9/51] Scraping profile...
2026-03-01 15:48:21 [INFO]    ✅ Scraped: Alfred Bannister III | Recruiter | 
2026-03-01 15:48:35 [INFO]    [10/51] Scraping profile...
2026-03-01 15:48:46 [INFO]    ✅ Scraped: Aly Garcia | Recruiter | 
2026-03-01 15:48:57 [INFO]    [11/51] Scraping profile...
2026-03-01 15:49:06 [INFO]    ✅ Scraped: Karen Ohen | University Operations Recruiter | 
2026-03-01 15:49:15 [INFO]    [12/51] Scraping profile...
2026-03-01 15:49:27 [INFO]    ✅ Scraped: Andrew Adamson | Technical Recruiter | 
2026-03-01 15:49:36 [INFO]    [13/51] Scraping profile...
2026-03-01 15:49:46 [INFO]    ✅ Scraped: Porkhodi Natarajan | Recruiter | 
2026-03-01 15:49:59 [INFO]    [14/51] Scraping profile...
2026-03-01 15:50:12 [INFO]    ✅ Scraped: Michael Kyle | Amazon Recruiter - AWS | 
2026-03-01 15:50:26 [INFO]    [15/51] Scraping profile...
2026-03-01 15:50:38 [INFO]    ✅ Scraped: Roma Raje | Recruiter | 
2026-03-01 15:50:48 [INFO] ☕ Taking a 65s session break to avoid detection...
2026-03-01 15:52:00 [INFO]    [16/51] Scraping profile...
2026-03-01 15:52:10 [INFO]    ✅ Scraped: Amber Thompson | Military Recruiter | 
2026-03-01 15:52:27 [INFO]    [17/51] Scraping profile...
2026-03-01 15:52:39 [INFO]    ✅ Scraped: Ahmed Wafai | Recruiter @ Amazon | 
2026-03-01 15:52:56 [INFO]    [18/51] Scraping profile...
2026-03-01 15:53:06 [INFO]    ✅ Scraped: Tammy T. | Recruiter | 
2026-03-01 15:53:23 [INFO]    [19/51] Scraping profile...
2026-03-01 15:53:33 [INFO]    ✅ Scraped: Aden Asefa | Recruiter | 
2026-03-01 15:53:51 [INFO]    [20/51] Scraping profile...
2026-03-01 15:53:59 [INFO]    ✅ Scraped: Jessica Lozano | Recruiter | 
2026-03-01 15:54:13 [INFO]    [21/51] Scraping profile...
2026-03-01 15:54:24 [INFO]    ✅ Scraped: PREETI VIKRAM | FLC Recruiter @ Amazon | 
2026-03-01 15:54:32 [INFO]    [22/51] Scraping profile...
2026-03-01 15:54:45 [INFO]    ✅ Scraped: Jamie Fera | Sr Recruiter | 
2026-03-01 15:55:00 [INFO]    [23/51] Scraping profile...
2026-03-01 15:55:10 [INFO]    ✅ Scraped: Ziggy A. | Recruiter - Amazon | 
2026-03-01 15:55:23 [INFO]    [24/51] Scraping profile...
2026-03-01 15:55:32 [INFO]    ✅ Scraped: Ben Egharevba | Amazon Corporate Recruiter | 
2026-03-01 15:55:49 [INFO]    [25/51] Scraping profile...
2026-03-01 15:56:00 [INFO]    ✅ Scraped: Nitya Shah | Sourcing Recruiter | 
2026-03-01 15:56:14 [INFO]    [26/51] Scraping profile...
2026-03-01 15:56:26 [INFO]    ✅ Scraped: Brett Tajima | Recruiter II | 
2026-03-01 15:56:44 [INFO]    [27/51] Scraping profile...
2026-03-01 15:56:55 [INFO]    ✅ Scraped: Nicole Zumaya Merida | Recruiter | 
2026-03-01 15:57:07 [INFO]    [28/51] Scraping profile...
2026-03-01 15:57:19 [INFO]    ✅ Scraped: Usha Sharma | Science Recruiter @ Amazon | 
2026-03-01 15:57:28 [INFO]    [29/51] Scraping profile...
2026-03-01 15:57:38 [INFO]    ✅ Scraped: Josh L. | Recruiter @ Amazon 💻 | 
2026-03-01 15:57:46 [INFO]    [30/51] Scraping profile...
2026-03-01 15:57:55 [INFO]    ✅ Scraped: Jaymillya Diop SPHR | Amazon Business Recruiter | 
2026-03-01 15:58:06 [INFO] ☕ Taking a 148s session break to avoid detection...
2026-03-01 16:00:39 [INFO]    [31/51] Scraping profile...
2026-03-01 16:00:49 [INFO]    ✅ Scraped: Shilpy Sekhri | Technical Recruiter | 
2026-03-01 16:01:05 [INFO]    [32/51] Scraping profile...
2026-03-01 16:01:17 [INFO]    ✅ Scraped: Naomi Shay | Recruiter, Amazon University Talent Acquisition | 
2026-03-01 16:01:29 [INFO]    [33/51] Scraping profile...
2026-03-01 16:01:48 [INFO]    [34/51] Scraping profile...
2026-03-01 16:02:11 [INFO]    [35/51] Scraping profile...
2026-03-01 16:02:26 [INFO]    [36/51] Scraping profile...
2026-03-01 16:02:43 [INFO]    [37/51] Scraping profile...
2026-03-01 16:02:58 [INFO]    [38/51] Scraping profile...
2026-03-01 16:03:15 [INFO]    [39/51] Scraping profile...
2026-03-01 16:03:37 [INFO]    [40/51] Scraping profile...
2026-03-01 16:04:02 [INFO]    [41/51] Scraping profile...
2026-03-01 16:04:23 [INFO]    [42/51] Scraping profile...
2026-03-01 16:04:35 [INFO]    ✅ Scraped: Will Jameson | Senior Executive Recruiter | 
2026-03-01 16:04:46 [INFO]    [43/51] Scraping profile...
2026-03-01 16:04:54 [INFO]    ✅ Scraped: Sunnia N. | Technical Recruiter @ Amazon 👩🏻‍💻 | 
2026-03-01 16:05:06 [INFO]    [44/51] Scraping profile...
2026-03-01 16:05:15 [INFO]    ✅ Scraped: Neethi B. | Talent Acquisition @ Amazon | 
2026-03-01 16:05:24 [INFO]    [45/51] Scraping profile...
2026-03-01 16:05:35 [INFO]    ✅ Scraped: Matt Iorio | Recruiter with Amazon Talent Acquisition | 
2026-03-01 16:05:44 [INFO] ☕ Taking a 104s session break to avoid detection...
2026-03-01 16:06:31 [INFO] ✅ Excel file saved: output/linkedin_recruiters.xlsx
2026-03-01 16:06:31 [INFO] 
🎉 Done! Exported 82 recruiters to: output/linkedin_recruiters.xlsx
2026-03-01 16:06:32 [INFO] 📊 Summary:
2026-03-01 16:06:32 [INFO]    Total recruiters found: 82
2026-03-01 16:06:32 [INFO]    Failed URLs: 0
2026-03-01 16:06:32 [INFO]    Companies completed: 1/300
